  parallel-capture-sample.cpp
C:\Program Files\PCL 1.11.1\3rdParty\Boost\include\boost-1_74\boost\function_output_iterator.hpp(14): message : This header is deprecated. Use <boost/iterator/function_output_iterator.hpp> instead.
C:\Program Files\PCL 1.11.1\include\pcl-1.11\pcl\visualization\point_cloud_color_handlers.h(611,11): warning C4996: 'pcl::visualization::PointCloudColorHandler<pcl::PCLPointCloud2>::getColor': use getColor() without parameters instead (It will be removed in PCL 1.12)
C:\Program Files\PCL 1.11.1\include\pcl-1.11\pcl\visualization\interactor_style.h(1,1): warning C4819: 현재 코드 페이지(949)에서 표시할 수 없는 문자가 파일에 들어 있습니다. 데이터가 손실되지 않게 하려면 해당 파일을 유니코드 형식으로 저장하십시오.
C:\Program Files\PCL 1.11.1\include\pcl-1.11\pcl\visualization\pcl_visualizer.h(1606,1): warning C4819: 현재 코드 페이지(949)에서 표시할 수 없는 문자가 파일에 들어 있습니다. 데이터가 손실되지 않게 하려면 해당 파일을 유니코드 형식으로 저장하십시오.
C:\Program Files\PCL 1.11.1\include\pcl-1.11\pcl\io\low_level_io.h(73,16): warning C4996: '_open': This function or variable may be unsafe. Consider using _sopen_s instead. To disable deprecation, use _CRT_SECURE_NO_WARNINGS. See online help for details.
C:\Program Files\PCL 1.11.1\include\pcl-1.11\pcl\io\low_level_io.h(78,16): warning C4996: '_open': This function or variable may be unsafe. Consider using _sopen_s instead. To disable deprecation, use _CRT_SECURE_NO_WARNINGS. See online help for details.
C:\Program Files\PCL 1.11.1\include\pcl-1.11\pcl\registration\bfgs.h(1,1): warning C4819: 현재 코드 페이지(949)에서 표시할 수 없는 문자가 파일에 들어 있습니다. 데이터가 손실되지 않게 하려면 해당 파일을 유니코드 형식으로 저장하십시오.
C:\Program Files\PCL 1.11.1\include\pcl-1.11\pcl\visualization\point_cloud_color_handlers.h(109,11): warning C4996: 'pcl::visualization::PointCloudColorHandler<PointT>::getColor': use getColor() without parameters instead (It will be removed in PCL 1.12)
          with
          [
              PointT=pcl::PointXYZL
          ]
C:\Program Files\PCL 1.11.1\include\pcl-1.11\pcl\visualization\point_cloud_color_handlers.h(107): message : 클래스 템플릿 멤버 함수 'vtkSmartPointer<vtkDataArray> pcl::visualization::PointCloudColorHandler<PointT>::getColor(void) const'을(를) 컴파일하는 중입니다.
          with
          [
              PointT=pcl::PointXYZL
          ]
C:\Program Files\PCL 1.11.1\include\pcl-1.11\pcl\visualization\point_cloud_color_handlers.h(120): message : 컴파일되는 함수 템플릿 인스턴스화 'vtkSmartPointer<vtkDataArray> pcl::visualization::PointCloudColorHandler<PointT>::getColor(void) const'에 대한 참조를 확인하세요.
          with
          [
              PointT=pcl::PointXYZL
          ]
C:\Program Files\PCL 1.11.1\include\pcl-1.11\pcl\visualization\point_cloud_color_handlers.h(506): message : 컴파일되는 클래스 템플릿 인스턴스화 'pcl::visualization::PointCloudColorHandler<PointT>'에 대한 참조를 확인하세요.
          with
          [
              PointT=pcl::PointXYZL
          ]
C:\Program Files\PCL 1.11.1\include\pcl-1.11\pcl\visualization\pcl_visualizer.h(906): message : 컴파일되는 클래스 템플릿 인스턴스화 'pcl::visualization::PointCloudColorHandlerLabelField<pcl::PointXYZL>'에 대한 참조를 확인하세요.
  parallel-capture-sample.vcxproj -> C:\Users\ssoss\Desktop\samples_origin\samples\parallel-capture\bin-x64\parallel-capture-sample.exe
  0개 파일이 복사되었습니다.
